<?xml version="1.0" encoding="UTF-8"?>
<!-- Generated by org.testng.reporters.JUnitReportReporter -->
<testsuite hostname="LTIN520940" failures="0" tests="8" name="WorldClock.TestMain" time="33.319" errors="0" timestamp="2024-05-19T11:07:18 GMT-04:00" skipped="0">
  <testcase classname="WorldClock.TestMain" name="userInfo" time="11.710"/>
  <testcase classname="WorldClock.TestMain" name="Test_WorldClock_Title" time="0.457"/>
  <testcase classname="WorldClock.TestMain" name="bangloreTimeZone" time="0.203"/>
  <testcase classname="WorldClock.TestMain" name="londonTime" time="0.278"/>
  <testcase classname="WorldClock.TestMain" name="NewYorkTime" time="0.206"/>
  <testcase classname="WorldClock.TestMain" name="viewApps" time="12.551"/>
  <testcase classname="WorldClock.TestMain" name="appsAlphabet" time="0.912"/>
  <testcase classname="WorldClock.TestMain" name="randomAlphabet" time="7.002"/>
</testsuite> <!-- WorldClock.TestMain -->
